  Main.c
<<<<<<< HEAD
C:\Users\HENRIQUE\Desktop\PI2\JogoPi2\Main.c(176,6): warning C4142: 'velx': redefinição benigna de tipo
C:\Users\HENRIQUE\Desktop\PI2\JogoPi2\Main.c(172): message : consulte a declaração de 'velx'
C:\Users\HENRIQUE\Desktop\PI2\JogoPi2\Main.c(177,6): warning C4142: 'vely': redefinição benigna de tipo
C:\Users\HENRIQUE\Desktop\PI2\JogoPi2\Main.c(173): message : consulte a declaração de 'vely'
C:\Users\HENRIQUE\Desktop\PI2\JogoPi2\Main.c(622,55): warning C4133: '=': tipos incompatíveis - de 'ALLEGRO_BITMAP *' para 'Objeto *'
C:\Users\HENRIQUE\Desktop\PI2\JogoPi2\Main.c(866,49): warning C4047: 'função': 'int' difere em níveis de indireção de 'void *'
C:\Users\HENRIQUE\Desktop\PI2\JogoPi2\Main.c(866,45): warning C4024: 'al_draw_bitmap': tipos diferentes para parâmetro formal e real 4
C:\Users\HENRIQUE\Desktop\PI2\JogoPi2\Main.c(1150,51): warning C4047: 'função': 'int' difere em níveis de indireção de 'void *'
C:\Users\HENRIQUE\Desktop\PI2\JogoPi2\Main.c(1150,47): warning C4024: 'al_draw_bitmap': tipos diferentes para parâmetro formal e real 4
C:\Users\HENRIQUE\Desktop\PI2\JogoPi2\Main.c(1154,46): warning C4047: 'função': 'int' difere em níveis de indireção de 'void *'
C:\Users\HENRIQUE\Desktop\PI2\JogoPi2\Main.c(1154,42): warning C4024: 'al_draw_bitmap': tipos diferentes para parâmetro formal e real 4
C:\Users\HENRIQUE\Desktop\PI2\JogoPi2\Main.c(1158,46): warning C4047: 'função': 'int' difere em níveis de indireção de 'void *'
C:\Users\HENRIQUE\Desktop\PI2\JogoPi2\Main.c(1158,42): warning C4024: 'al_draw_bitmap': tipos diferentes para parâmetro formal e real 4
C:\Users\HENRIQUE\Desktop\PI2\JogoPi2\Main.c(1169,44): warning C4047: 'função': 'int' difere em níveis de indireção de 'void *'
C:\Users\HENRIQUE\Desktop\PI2\JogoPi2\Main.c(1169,40): warning C4024: 'al_draw_bitmap': tipos diferentes para parâmetro formal e real 4
  JogoPi2.vcxproj -> C:\Users\HENRIQUE\Desktop\PI2\JogoPi2\Debug\JogoPi2.exe
=======
C:\Jogo PI 2\PI2-Jogo\JogoPi2\Main.c(179,6): warning C4142: 'velx': redefinição benigna de tipo
C:\Jogo PI 2\PI2-Jogo\JogoPi2\Main.c(175): message : consulte a declaração de 'velx'
C:\Jogo PI 2\PI2-Jogo\JogoPi2\Main.c(180,6): warning C4142: 'vely': redefinição benigna de tipo
C:\Jogo PI 2\PI2-Jogo\JogoPi2\Main.c(176): message : consulte a declaração de 'vely'
C:\Jogo PI 2\PI2-Jogo\JogoPi2\Main.c(629,55): warning C4133: '=': tipos incompatíveis - de 'ALLEGRO_BITMAP *' para 'Objeto *'
C:\Jogo PI 2\PI2-Jogo\JogoPi2\Main.c(873,49): warning C4047: 'função': 'int' difere em níveis de indireção de 'void *'
C:\Jogo PI 2\PI2-Jogo\JogoPi2\Main.c(873,45): warning C4024: 'al_draw_bitmap': tipos diferentes para parâmetro formal e real 4
C:\Jogo PI 2\PI2-Jogo\JogoPi2\Main.c(1174,51): warning C4047: 'função': 'int' difere em níveis de indireção de 'void *'
C:\Jogo PI 2\PI2-Jogo\JogoPi2\Main.c(1174,47): warning C4024: 'al_draw_bitmap': tipos diferentes para parâmetro formal e real 4
C:\Jogo PI 2\PI2-Jogo\JogoPi2\Main.c(1178,46): warning C4047: 'função': 'int' difere em níveis de indireção de 'void *'
C:\Jogo PI 2\PI2-Jogo\JogoPi2\Main.c(1178,42): warning C4024: 'al_draw_bitmap': tipos diferentes para parâmetro formal e real 4
C:\Jogo PI 2\PI2-Jogo\JogoPi2\Main.c(1182,46): warning C4047: 'função': 'int' difere em níveis de indireção de 'void *'
C:\Jogo PI 2\PI2-Jogo\JogoPi2\Main.c(1182,42): warning C4024: 'al_draw_bitmap': tipos diferentes para parâmetro formal e real 4
C:\Jogo PI 2\PI2-Jogo\JogoPi2\Main.c(1193,44): warning C4047: 'função': 'int' difere em níveis de indireção de 'void *'
C:\Jogo PI 2\PI2-Jogo\JogoPi2\Main.c(1193,40): warning C4024: 'al_draw_bitmap': tipos diferentes para parâmetro formal e real 4
  JogoPi2.vcxproj -> C:\Jogo PI 2\PI2-Jogo\JogoPi2\Debug\JogoPi2.exe
>>>>>>> 444925905c607de6e00514f572f0648664f1f670
